<?xml version="1.0" encoding="UTF-8"?>
<!-- Generated by org.testng.reporters.JUnitXMLReporter -->
<testsuite ignored="0" hostname="DESKTOP-69VR358" failures="0" tests="6" name="Default test" time="102.835" errors="0" timestamp="2024-05-13T15:20:53 IST">
  <testcase classname="tests.textboxtest" name="ClickonClose" time="21.201"/>
  <testcase classname="tests.textboxtest" name="clickonpractice" time="8.946"/>
  <testcase classname="tests.textboxtest" name="clickonelement" time="0.564"/>
  <testcase classname="tests.textboxtest" name="clickonTextbox" time="0.569"/>
  <testcase classname="tests.textboxtest" name="clickonfilldetails" time="14.293"/>
  <testcase classname="tests.textboxtest" name="getValidate" time="1.956"/>
</testsuite> <!-- Default test -->
