<?xml version="1.0" encoding="UTF-8"?>
<!-- Generated by org.testng.reporters.JUnitXMLReporter -->
<testsuite ignored="0" hostname="DESKTOP-69VR358" failures="0" tests="5" name="CheckBoxtest" time="38.785" errors="0" timestamp="2024-05-15T22:58:29 IST">
  <testcase classname="tests.CheckBoxTest" name="ClickonClose" time="0.218"/>
  <testcase classname="tests.CheckBoxTest" name="clickonpractice" time="5.861"/>
  <testcase classname="tests.CheckBoxTest" name="clickonelement" time="0.204"/>
  <testcase classname="tests.CheckBoxTest" name="clickoncheckbox" time="0.314"/>
  <testcase classname="tests.CheckBoxTest" name="clickonmobile" time="0.979"/>
</testsuite> <!-- CheckBoxtest -->
