<?xml version="1.0" encoding="UTF-8"?>
<!-- Generated by org.testng.reporters.JUnitXMLReporter -->
<testsuite ignored="0" hostname="DESKTOP-69VR358" failures="0" tests="6" name="textboxtest" time="65.668" errors="0" timestamp="2024-05-10T15:18:13 IST">
  <testcase classname="tests.textboxtest" name="ClickonClose" time="0.279"/>
  <testcase classname="tests.textboxtest" name="clickonpractice" time="3.501"/>
  <testcase classname="tests.textboxtest" name="clickonelement" time="0.198"/>
  <testcase classname="tests.textboxtest" name="clickonTextbox" time="0.273"/>
  <testcase classname="tests.textboxtest" name="clickonfilldetails" time="14.057"/>
  <testcase classname="tests.textboxtest" name="getValidate" time="0.994"/>
</testsuite> <!-- textboxtest -->
