<?xml version="1.0" encoding="UTF-8"?>
<!-- Generated by org.testng.reporters.JUnitXMLReporter -->
<testsuite ignored="0" hostname="DESKTOP-69VR358" failures="0" tests="6" name="AlertTest" time="33.355" errors="0" timestamp="2024-05-29T13:45:00 IST">
  <testcase classname="tests.AlertTest" name="Clickonclose" time="1.127"/>
  <testcase classname="tests.AlertTest" name="clickonpractice" time="4.702"/>
  <testcase classname="tests.AlertTest" name="clickonelement" time="0.247"/>
  <testcase classname="tests.AlertTest" name="Clickonalert" time="1.687"/>
  <testcase classname="tests.AlertTest" name="Clickonalertstab" time="0.634"/>
  <testcase classname="tests.AlertTest" name="Clickonclickme" time="0.8"/>
</testsuite> <!-- AlertTest -->
