<?xml version="1.0" encoding="UTF-8"?>
<!-- Generated by org.testng.reporters.JUnitXMLReporter -->
<testsuite ignored="0" hostname="DESKTOP-69VR358" failures="0" tests="5" name="Liinktest" time="58.793" errors="0" timestamp="2024-05-22T15:30:23 IST">
  <testcase classname="tests.LinkTest" name="Clickonclose" time="3.587"/>
  <testcase classname="tests.LinkTest" name="clickonpractice" time="5.677"/>
  <testcase classname="tests.LinkTest" name="clickonelement" time="0.777"/>
  <testcase classname="tests.LinkTest" name="clickonlink" time="0.459"/>
  <testcase classname="tests.LinkTest" name="clickondemopage" time="0.99"/>
</testsuite> <!-- Liinktest -->
